<?xml version="1.0" encoding="UTF-8"?>
<testng-results skipped="0" failed="1" ignored="0" total="1" passed="0">
  <reporter-output>
  </reporter-output>
  <suite name="Default suite" duration-ms="142868" started-at="2020-04-22T16:58:55Z" finished-at="2020-04-22T17:01:18Z">
    <groups>
    </groups>
    <test name="Default test" duration-ms="142868" started-at="2020-04-22T16:58:55Z" finished-at="2020-04-22T17:01:18Z">
      <class name="com.demo.web.tests.PurchaseTest1">
        <test-method status="PASS" signature="setupSuite()[pri:0, instance:com.demo.web.tests.PurchaseTest1@67d18ed7]" name="setupSuite" is-config="true" duration-ms="242" started-at="2020-04-22T22:28:55Z" finished-at="2020-04-22T22:28:55Z">
          <reporter-output>
          </reporter-output>
        </test-method> <!-- setupSuite -->
        <test-method status="PASS" signature="setUpTest(org.testng.ITestContext)[pri:0, instance:com.demo.web.tests.PurchaseTest1@67d18ed7]" name="setUpTest" is-config="true" duration-ms="2384" started-at="2020-04-22T22:28:55Z" finished-at="2020-04-22T22:28:57Z">
          <params>
            <param index="0">
              <value>
                <![CDATA[org.testng.TestRunner@261275ae]]>
              </value>
            </param>
          </params>
          <reporter-output>
          </reporter-output>
        </test-method> <!-- setUpTest -->
        <test-method status="PASS" signature="set(java.lang.reflect.Method, org.testng.ITestResult)[pri:0, instance:com.demo.web.tests.PurchaseTest1@67d18ed7]" name="set" is-config="true" duration-ms="4" started-at="2020-04-22T22:28:57Z" finished-at="2020-04-22T22:28:57Z">
          <params>
            <param index="0">
              <value>
                <![CDATA[public void com.demo.web.tests.PurchaseTest1.purchaseCase()]]>
              </value>
            </param>
            <param index="1">
              <value>
                <![CDATA[[TestResult name=purchaseCase status=FAILURE method=PurchaseTest1.purchaseCase()[pri:0, instance:com.demo.web.tests.PurchaseTest1@67d18ed7] output={null}]]]>
              </value>
            </param>
          </params>
          <reporter-output>
          </reporter-output>
        </test-method> <!-- set -->
        <test-method status="FAIL" signature="purchaseCase()[pri:0, instance:com.demo.web.tests.PurchaseTest1@67d18ed7]" name="purchaseCase" duration-ms="139854" started-at="2020-04-22T22:28:57Z" description="Payment Success" finished-at="2020-04-22T22:31:17Z">
          <exception class="java.lang.NullPointerException">
            <full-stacktrace>
              <![CDATA[java.lang.NullPointerException
	at com.demo.web.utils.WebActionHelperUtils.safeType(WebActionHelperUtils.java:141)
	at com.demo.pages.CartPage.changeCartQTY(CartPage.java:22)
	at com.demo.web.tests.PurchaseTest1.purchaseCase(PurchaseTest1.java:54)
	at sun.reflect.NativeMethodAccessorImpl.invoke0(Native Method)
	at sun.reflect.NativeMethodAccessorImpl.invoke(NativeMethodAccessorImpl.java:62)
	at sun.reflect.DelegatingMethodAccessorImpl.invoke(DelegatingMethodAccessorImpl.java:43)
	at java.lang.reflect.Method.invoke(Method.java:498)
	at org.testng.internal.MethodInvocationHelper.invokeMethod(MethodInvocationHelper.java:104)
	at org.testng.internal.Invoker.invokeMethod(Invoker.java:645)
	at org.testng.internal.Invoker.invokeTestMethod(Invoker.java:851)
	at org.testng.internal.Invoker.invokeTestMethods(Invoker.java:1177)
	at org.testng.internal.TestMethodWorker.invokeTestMethods(TestMethodWorker.java:129)
	at org.testng.internal.TestMethodWorker.run(TestMethodWorker.java:112)
	at org.testng.TestRunner.privateRun(TestRunner.java:756)
	at org.testng.TestRunner.run(TestRunner.java:610)
	at org.testng.SuiteRunner.runTest(SuiteRunner.java:387)
	at org.testng.SuiteRunner.runSequentially(SuiteRunner.java:382)
	at org.testng.SuiteRunner.privateRun(SuiteRunner.java:340)
	at org.testng.SuiteRunner.run(SuiteRunner.java:289)
	at org.testng.SuiteRunnerWorker.runSuite(SuiteRunnerWorker.java:52)
	at org.testng.SuiteRunnerWorker.run(SuiteRunnerWorker.java:86)
	at org.testng.TestNG.runSuitesSequentially(TestNG.java:1293)
	at org.testng.TestNG.runSuitesLocally(TestNG.java:1218)
	at org.testng.TestNG.runSuites(TestNG.java:1133)
	at org.testng.TestNG.run(TestNG.java:1104)
	at org.testng.remote.AbstractRemoteTestNG.run(AbstractRemoteTestNG.java:115)
	at org.testng.remote.RemoteTestNG.initAndRun(RemoteTestNG.java:251)
	at org.testng.remote.RemoteTestNG.main(RemoteTestNG.java:77)
]]>
            </full-stacktrace>
          </exception> <!-- java.lang.NullPointerException -->
          <reporter-output>
          </reporter-output>
        </test-method> <!-- purchaseCase -->
        <test-method status="PASS" signature="tear(org.testng.ITestResult)[pri:0, instance:com.demo.web.tests.PurchaseTest1@67d18ed7]" name="tear" is-config="true" duration-ms="396" started-at="2020-04-22T22:31:17Z" finished-at="2020-04-22T22:31:18Z">
          <params>
            <param index="0">
              <value>
                <![CDATA[[TestResult name=purchaseCase status=FAILURE method=PurchaseTest1.purchaseCase()[pri:0, instance:com.demo.web.tests.PurchaseTest1@67d18ed7] output={null}]]]>
              </value>
            </param>
          </params>
          <reporter-output>
          </reporter-output>
        </test-method> <!-- tear -->
        <test-method status="PASS" signature="teardown()[pri:0, instance:com.demo.web.tests.PurchaseTest1@67d18ed7]" name="teardown" is-config="true" duration-ms="119" started-at="2020-04-22T22:31:18Z" finished-at="2020-04-22T22:31:18Z">
          <reporter-output>
          </reporter-output>
        </test-method> <!-- teardown -->
        <test-method status="PASS" signature="tearDown()[pri:0, instance:com.demo.web.tests.PurchaseTest1@67d18ed7]" name="tearDown" is-config="true" duration-ms="94" started-at="2020-04-22T22:31:18Z" finished-at="2020-04-22T22:31:18Z">
          <reporter-output>
          </reporter-output>
        </test-method> <!-- tearDown -->
        <test-method status="PASS" signature="tearDownSuite()[pri:0, instance:com.demo.web.tests.PurchaseTest1@67d18ed7]" name="tearDownSuite" is-config="true" duration-ms="435" started-at="2020-04-22T22:31:18Z" finished-at="2020-04-22T22:31:19Z">
          <reporter-output>
          </reporter-output>
        </test-method> <!-- tearDownSuite -->
      </class> <!-- com.demo.web.tests.PurchaseTest1 -->
    </test> <!-- Default test -->
  </suite> <!-- Default suite -->
</testng-results>
